2022-09-15 01:50:41,698 [Worker-8: Loading available Gradle versions] INFO  o.e.b.c.i.u.g.PublishedGradleVersions - Gradle version information cache is up-to-date. Trying to read.
2022-09-15 01:50:47,737 [Worker-4: Deferred Early Start] INFO  o.a.h.c.h.i.c.HttpRequestRetryExec - Recoverable I/O exception (java.net.SocketException) caught when processing request to {s}->https://www.eclipse.org:443
2022-09-15 10:22:40,308 [Worker-6: Loading available Gradle versions] INFO  o.e.b.c.i.u.g.PublishedGradleVersions - Gradle version information cache is up-to-date. Trying to read.
2022-09-15 10:28:26,344 [Worker-6: Loading available Gradle versions] INFO  o.e.b.c.i.u.g.PublishedGradleVersions - Gradle version information cache is up-to-date. Trying to read.
2022-09-15 21:12:15,316 [Worker-7: Loading available Gradle versions] INFO  o.e.b.c.i.u.g.PublishedGradleVersions - Gradle version information cache is up-to-date. Trying to read.
2022-09-16 11:23:26,269 [Worker-1: Loading available Gradle versions] INFO  o.e.b.c.i.u.g.PublishedGradleVersions - Gradle version information cache is up-to-date. Trying to read.
2022-09-16 14:26:51,617 [Worker-1: Loading available Gradle versions] INFO  o.e.b.c.i.u.g.PublishedGradleVersions - Gradle version information cache is up-to-date. Trying to read.
2022-09-19 21:21:01,769 [Worker-4: Loading available Gradle versions] INFO  o.e.b.c.i.u.g.PublishedGradleVersions - Gradle version information cache is out-of-date. Trying to update.
2022-09-20 00:21:02,651 [Worker-6: Loading available Gradle versions] INFO  o.e.b.c.i.u.g.PublishedGradleVersions - Gradle version information cache is up-to-date. Trying to read.
2022-09-20 19:41:34,080 [Worker-2: Loading available Gradle versions] INFO  o.e.b.c.i.u.g.PublishedGradleVersions - Gradle version information cache is up-to-date. Trying to read.
2022-09-22 00:41:57,506 [Worker-4: Loading available Gradle versions] INFO  o.e.b.c.i.u.g.PublishedGradleVersions - Gradle version information cache is out-of-date. Trying to update.
2022-09-22 01:23:58,390 [Worker-2: Loading available Gradle versions] INFO  o.e.b.c.i.u.g.PublishedGradleVersions - Gradle version information cache is up-to-date. Trying to read.
2022-09-22 01:28:26,030 [Worker-1: Loading available Gradle versions] INFO  o.e.b.c.i.u.g.PublishedGradleVersions - Gradle version information cache is up-to-date. Trying to read.
2022-09-22 13:24:07,018 [Worker-4: Loading available Gradle versions] INFO  o.e.b.c.i.u.g.PublishedGradleVersions - Gradle version information cache is up-to-date. Trying to read.
2022-09-22 20:39:02,229 [Worker-2: Loading available Gradle versions] INFO  o.e.b.c.i.u.g.PublishedGradleVersions - Gradle version information cache is up-to-date. Trying to read.
2022-09-27 11:31:38,892 [Worker-7: Loading available Gradle versions] INFO  o.e.b.c.i.u.g.PublishedGradleVersions - Gradle version information cache is up-to-date. Trying to read.
2022-09-27 20:18:41,358 [Worker-1: Loading available Gradle versions] INFO  o.e.b.c.i.u.g.PublishedGradleVersions - Gradle version information cache is up-to-date. Trying to read.
2022-09-27 20:58:16,347 [Worker-32: Auto share git projects] WARN  org.eclipse.jgit.util.FS_POSIX - Exception caught during execution of command '[bash, --login, -c, which git]' in '/Users/limtaeho', return code '127', error message '/Users/limtaeho/.bash_profile: line 2: ecport: command not found
bash: which: command not found
'
2022-10-01 15:04:05,659 [main] WARN  org.eclipse.jgit.util.FS_POSIX - Exception caught during execution of command '[bash, --login, -c, which git]' in '/Users/limtaeho', return code '127', error message '/Users/limtaeho/.bash_profile: line 2: ecport: command not found
bash: which: command not found
'
2022-10-01 15:04:05,738 [Worker-7: Loading available Gradle versions] INFO  o.e.b.c.i.u.g.PublishedGradleVersions - Gradle version information cache is out-of-date. Trying to update.
2022-10-09 15:53:34,061 [main] WARN  org.eclipse.jgit.util.FS_POSIX - Exception caught during execution of command '[bash, --login, -c, which git]' in '/Users/limtaeho', return code '127', error message '/Users/limtaeho/.bash_profile: line 2: ecport: command not found
bash: which: command not found
'
2022-10-09 15:53:34,141 [Worker-7: Loading available Gradle versions] INFO  o.e.b.c.i.u.g.PublishedGradleVersions - Gradle version information cache is out-of-date. Trying to update.
2022-10-12 11:30:10,980 [Worker-1: Loading available Gradle versions] INFO  o.e.b.c.i.u.g.PublishedGradleVersions - Gradle version information cache is out-of-date. Trying to update.
2022-10-12 11:30:11,045 [Worker-3: Decoration Calculation] WARN  org.eclipse.jgit.util.FS_POSIX - Exception caught during execution of command '[bash, --login, -c, which git]' in '/Users/limtaeho', return code '127', error message '/Users/limtaeho/.bash_profile: line 2: ecport: command not found
bash: which: command not found
'
2022-10-12 11:30:32,838 [Worker-1: Loading available Gradle versions] INFO  o.e.b.c.i.u.g.PublishedGradleVersions - Updating Gradle version information cache failed. Using outdated cache.
2022-10-12 23:36:11,904 [main] WARN  org.eclipse.jgit.util.FS_POSIX - Exception caught during execution of command '[bash, --login, -c, which git]' in '/Users/limtaeho', return code '127', error message '/Users/limtaeho/.bash_profile: line 2: ecport: command not found
bash: which: command not found
'
2022-10-12 23:36:11,952 [Worker-7: Loading available Gradle versions] INFO  o.e.b.c.i.u.g.PublishedGradleVersions - Gradle version information cache is out-of-date. Trying to update.
2022-10-14 09:29:45,703 [Worker-4: Loading available Gradle versions] INFO  o.e.b.c.i.u.g.PublishedGradleVersions - Gradle version information cache is out-of-date. Trying to update.
2022-10-14 09:29:45,781 [Worker-3: Decoration Calculation] WARN  org.eclipse.jgit.util.FS_POSIX - Exception caught during execution of command '[bash, --login, -c, which git]' in '/Users/limtaeho', return code '127', error message '/Users/limtaeho/.bash_profile: line 2: ecport: command not found
bash: which: command not found
'
2022-10-15 02:34:45,643 [Worker-2: Loading available Gradle versions] INFO  o.e.b.c.i.u.g.PublishedGradleVersions - Gradle version information cache is up-to-date. Trying to read.
2022-10-15 02:34:45,712 [Worker-9: Decoration Calculation] WARN  org.eclipse.jgit.util.FS_POSIX - Exception caught during execution of command '[bash, --login, -c, which git]' in '/Users/limtaeho', return code '127', error message '/Users/limtaeho/.bash_profile: line 2: ecport: command not found
bash: which: command not found
'
2022-10-16 23:49:59,201 [Worker-7: Loading available Gradle versions] INFO  o.e.b.c.i.u.g.PublishedGradleVersions - Gradle version information cache is up-to-date. Trying to read.
2022-10-16 23:49:59,286 [Worker-3: Decoration Calculation] WARN  org.eclipse.jgit.util.FS_POSIX - Exception caught during execution of command '[bash, --login, -c, which git]' in '/Users/limtaeho', return code '127', error message '/Users/limtaeho/.bash_profile: line 2: ecport: command not found
bash: which: command not found
'
2022-10-19 11:27:01,665 [Worker-4: Loading available Gradle versions] INFO  o.e.b.c.i.u.g.PublishedGradleVersions - Gradle version information cache is out-of-date. Trying to update.
2022-10-19 11:27:01,749 [Worker-1: Decoration Calculation] WARN  org.eclipse.jgit.util.FS_POSIX - Exception caught during execution of command '[bash, --login, -c, which git]' in '/Users/limtaeho', return code '127', error message '/Users/limtaeho/.bash_profile: line 2: ecport: command not found
bash: which: command not found
'
2022-10-21 09:30:27,242 [Worker-1: Loading available Gradle versions] INFO  o.e.b.c.i.u.g.PublishedGradleVersions - Gradle version information cache is out-of-date. Trying to update.
2022-10-21 09:30:27,325 [Worker-9: Decoration Calculation] WARN  org.eclipse.jgit.util.FS_POSIX - Exception caught during execution of command '[bash, --login, -c, which git]' in '/Users/limtaeho', return code '127', error message '/Users/limtaeho/.bash_profile: line 2: ecport: command not found
bash: which: command not found
'
2022-10-27 20:40:34,447 [Worker-1: Loading available Gradle versions] INFO  o.e.b.c.i.u.g.PublishedGradleVersions - Gradle version information cache is out-of-date. Trying to update.
2022-10-27 20:40:34,512 [Worker-9: Decoration Calculation] WARN  org.eclipse.jgit.util.FS_POSIX - Exception caught during execution of command '[bash, --login, -c, which git]' in '/Users/limtaeho', return code '127', error message '/Users/limtaeho/.bash_profile: line 2: ecport: command not found
bash: which: command not found
'
2022-11-02 09:28:05,633 [Worker-7: Loading available Gradle versions] INFO  o.e.b.c.i.u.g.PublishedGradleVersions - Gradle version information cache is out-of-date. Trying to update.
2022-11-02 09:28:05,723 [Worker-3: Decoration Calculation] WARN  org.eclipse.jgit.util.FS_POSIX - Exception caught during execution of command '[bash, --login, -c, which git]' in '/Users/limtaeho', return code '127', error message '/Users/limtaeho/.bash_profile: line 2: ecport: command not found
bash: which: command not found
'
2022-11-02 11:25:53,766 [Worker-1: Loading available Gradle versions] INFO  o.e.b.c.i.u.g.PublishedGradleVersions - Gradle version information cache is up-to-date. Trying to read.
2022-11-02 11:25:54,124 [Worker-4: Decoration Calculation] WARN  org.eclipse.jgit.util.FS_POSIX - Exception caught during execution of command '[bash, --login, -c, which git]' in '/Users/limtaeho', return code '127', error message '/Users/limtaeho/.bash_profile: line 2: ecport: command not found
bash: which: command not found
'
2022-11-04 09:19:39,874 [Worker-1: Loading available Gradle versions] INFO  o.e.b.c.i.u.g.PublishedGradleVersions - Gradle version information cache is out-of-date. Trying to update.
2022-11-04 09:19:39,965 [Worker-4: Decoration Calculation] WARN  org.eclipse.jgit.util.FS_POSIX - Exception caught during execution of command '[bash, --login, -c, which git]' in '/Users/limtaeho', return code '127', error message '/Users/limtaeho/.bash_profile: line 2: ecport: command not found
bash: which: command not found
'
2022-11-14 22:46:08,284 [Worker-7: Loading available Gradle versions] INFO  o.e.b.c.i.u.g.PublishedGradleVersions - Gradle version information cache is out-of-date. Trying to update.
2022-11-14 22:46:08,391 [Worker-1: Decoration Calculation] WARN  org.eclipse.jgit.util.FS_POSIX - Exception caught during execution of command '[bash, --login, -c, which git]' in '/Users/limtaeho', return code '127', error message '/Users/limtaeho/.bash_profile: line 2: ecport: command not found
bash: which: command not found
'
2022-11-16 11:32:15,686 [Worker-8: Loading available Gradle versions] INFO  o.e.b.c.i.u.g.PublishedGradleVersions - Gradle version information cache is out-of-date. Trying to update.
2022-11-16 11:32:15,770 [Worker-1: Decoration Calculation] WARN  org.eclipse.jgit.util.FS_POSIX - Exception caught during execution of command '[bash, --login, -c, which git]' in '/Users/limtaeho', return code '127', error message '/Users/limtaeho/.bash_profile: line 2: ecport: command not found
bash: which: command not found
'
2022-11-16 22:47:22,247 [Worker-7: Loading available Gradle versions] INFO  o.e.b.c.i.u.g.PublishedGradleVersions - Gradle version information cache is up-to-date. Trying to read.
2022-11-16 22:47:22,350 [Worker-11: Decoration Calculation] WARN  org.eclipse.jgit.util.FS_POSIX - Exception caught during execution of command '[bash, --login, -c, which git]' in '/Users/limtaeho', return code '127', error message '/Users/limtaeho/.bash_profile: line 2: ecport: command not found
bash: which: command not found
'
2022-11-17 00:58:22,528 [Worker-6: Loading available Gradle versions] INFO  o.e.b.c.i.u.g.PublishedGradleVersions - Gradle version information cache is up-to-date. Trying to read.
2022-11-17 00:58:22,590 [Worker-1: Decoration Calculation] WARN  org.eclipse.jgit.util.FS_POSIX - Exception caught during execution of command '[bash, --login, -c, which git]' in '/Users/limtaeho', return code '127', error message '/Users/limtaeho/.bash_profile: line 2: ecport: command not found
bash: which: command not found
'
2022-11-23 11:25:42,473 [Worker-9: Loading available Gradle versions] INFO  o.e.b.c.i.u.g.PublishedGradleVersions - Gradle version information cache is out-of-date. Trying to update.
2022-11-23 11:25:42,607 [Worker-12: Decoration Calculation] WARN  org.eclipse.jgit.util.FS_POSIX - Exception caught during execution of command '[bash, --login, -c, which git]' in '/Users/limtaeho', return code '127', error message '/Users/limtaeho/.bash_profile: line 2: ecport: command not found
bash: which: command not found
'
2022-11-25 09:36:00,911 [Worker-2: Loading available Gradle versions] INFO  o.e.b.c.i.u.g.PublishedGradleVersions - Gradle version information cache is out-of-date. Trying to update.
2022-11-25 09:36:01,016 [Worker-7: Decoration Calculation] WARN  org.eclipse.jgit.util.FS_POSIX - Exception caught during execution of command '[bash, --login, -c, which git]' in '/Users/limtaeho', return code '127', error message '/Users/limtaeho/.bash_profile: line 2: ecport: command not found
bash: which: command not found
'
2022-11-28 20:10:02,226 [Worker-7: Loading available Gradle versions] INFO  o.e.b.c.i.u.g.PublishedGradleVersions - Gradle version information cache is out-of-date. Trying to update.
2022-11-28 20:10:02,327 [Worker-4: Decoration Calculation] WARN  org.eclipse.jgit.util.FS_POSIX - Exception caught during execution of command '[bash, --login, -c, which git]' in '/Users/limtaeho', return code '127', error message '/Users/limtaeho/.bash_profile: line 2: ecport: command not found
bash: which: command not found
'
2022-11-29 13:03:38,125 [Worker-2: Loading available Gradle versions] INFO  o.e.b.c.i.u.g.PublishedGradleVersions - Gradle version information cache is up-to-date. Trying to read.
2022-11-29 13:03:38,201 [Worker-1: Decoration Calculation] WARN  org.eclipse.jgit.util.FS_POSIX - Exception caught during execution of command '[bash, --login, -c, which git]' in '/Users/limtaeho', return code '127', error message '/Users/limtaeho/.bash_profile: line 2: ecport: command not found
bash: which: command not found
'
2022-11-29 13:03:58,351 [Worker-7: Loading available Gradle versions] INFO  o.e.b.c.i.u.g.PublishedGradleVersions - Gradle version information cache is up-to-date. Trying to read.
2022-11-29 13:03:58,432 [Worker-1: Decoration Calculation] WARN  org.eclipse.jgit.util.FS_POSIX - Exception caught during execution of command '[bash, --login, -c, which git]' in '/Users/limtaeho', return code '127', error message '/Users/limtaeho/.bash_profile: line 2: ecport: command not found
bash: which: command not found
'
2022-11-30 11:36:02,311 [Worker-7: Loading available Gradle versions] INFO  o.e.b.c.i.u.g.PublishedGradleVersions - Gradle version information cache is out-of-date. Trying to update.
2022-11-30 11:36:02,401 [Worker-2: Decoration Calculation] WARN  org.eclipse.jgit.util.FS_POSIX - Exception caught during execution of command '[bash, --login, -c, which git]' in '/Users/limtaeho', return code '127', error message '/Users/limtaeho/.bash_profile: line 2: ecport: command not found
bash: which: command not found
'
2022-11-30 11:36:50,944 [Worker-7: Loading available Gradle versions] INFO  o.e.b.c.i.u.g.PublishedGradleVersions - Updating Gradle version information cache failed. Using outdated cache.
2022-11-30 16:14:18,199 [Worker-6: Loading available Gradle versions] INFO  o.e.b.c.i.u.g.PublishedGradleVersions - Gradle version information cache is out-of-date. Trying to update.
2022-11-30 16:14:18,287 [Worker-7: Decoration Calculation] WARN  org.eclipse.jgit.util.FS_POSIX - Exception caught during execution of command '[bash, --login, -c, which git]' in '/Users/limtaeho', return code '127', error message '/Users/limtaeho/.bash_profile: line 2: ecport: command not found
bash: which: command not found
'
2022-11-30 23:58:35,947 [Worker-4: Loading available Gradle versions] INFO  o.e.b.c.i.u.g.PublishedGradleVersions - Gradle version information cache is up-to-date. Trying to read.
2022-11-30 23:58:36,021 [Worker-2: Decoration Calculation] WARN  org.eclipse.jgit.util.FS_POSIX - Exception caught during execution of command '[bash, --login, -c, which git]' in '/Users/limtaeho', return code '127', error message '/Users/limtaeho/.bash_profile: line 2: ecport: command not found
bash: which: command not found
'
2022-12-01 13:13:34,144 [Worker-6: Loading available Gradle versions] INFO  o.e.b.c.i.u.g.PublishedGradleVersions - Gradle version information cache is up-to-date. Trying to read.
2022-12-01 13:13:34,500 [Worker-25: Decoration Calculation] WARN  org.eclipse.jgit.util.FS_POSIX - Exception caught during execution of command '[bash, --login, -c, which git]' in '/Users/limtaeho', return code '127', error message '/Users/limtaeho/.bash_profile: line 2: ecport: command not found
bash: which: command not found
'
2022-12-02 09:31:28,092 [Worker-7: Loading available Gradle versions] INFO  o.e.b.c.i.u.g.PublishedGradleVersions - Gradle version information cache is out-of-date. Trying to update.
2022-12-02 09:31:28,223 [Worker-9: Decoration Calculation] WARN  org.eclipse.jgit.util.FS_POSIX - Exception caught during execution of command '[bash, --login, -c, which git]' in '/Users/limtaeho', return code '127', error message '/Users/limtaeho/.bash_profile: line 2: ecport: command not found
bash: which: command not found
'
2022-12-02 09:31:39,418 [Worker-7: Loading available Gradle versions] INFO  o.e.b.c.i.u.g.PublishedGradleVersions - Updating Gradle version information cache failed. Using outdated cache.
2022-12-02 10:46:46,581 [Worker-4: Loading available Gradle versions] INFO  o.e.b.c.i.u.g.PublishedGradleVersions - Gradle version information cache is up-to-date. Trying to read.
2022-12-02 10:46:47,016 [Worker-7: Decoration Calculation] WARN  org.eclipse.jgit.util.FS_POSIX - Exception caught during execution of command '[bash, --login, -c, which git]' in '/Users/limtaeho', return code '127', error message '/Users/limtaeho/.bash_profile: line 2: ecport: command not found
bash: which: command not found
'
2022-12-08 16:58:46,527 [Worker-0: Loading available Gradle versions] INFO  o.e.b.c.i.u.g.PublishedGradleVersions - Gradle version information cache is out-of-date. Trying to update.
2022-12-08 16:58:46,714 [Worker-3: Decoration Calculation] WARN  org.eclipse.jgit.util.FS_POSIX - Exception caught during execution of command '[bash, --login, -c, which git]' in '/Users/limtaeho', return code '127', error message '/Users/limtaeho/.bash_profile: line 2: ecport: command not found
bash: which: command not found
'
2022-12-11 12:56:52,422 [Worker-1: Loading available Gradle versions] INFO  o.e.b.c.i.u.g.PublishedGradleVersions - Gradle version information cache is out-of-date. Trying to update.
2022-12-11 12:56:52,508 [Worker-4: Decoration Calculation] WARN  org.eclipse.jgit.util.FS_POSIX - Exception caught during execution of command '[bash, --login, -c, which git]' in '/Users/limtaeho', return code '127', error message '/Users/limtaeho/.bash_profile: line 2: ecport: command not found
bash: which: command not found
'
